[2022-09-24 12:40:57] [ INFO ] [OdontologoServiceImpl:28] Transformando el OdontologoDto a OdontologoEntity para el guardado
[2022-09-24 12:40:57] [ INFO ] [OdontologoServiceImpl:30] Se guardo correctamente el odontologo
[2022-09-24 12:46:58] [ INFO ] [OdontologoServiceImpl:28] Transformando el OdontologoDto a OdontologoEntity para el guardado
[2022-09-24 12:46:58] [ INFO ] [OdontologoServiceImpl:30] Se guardo correctamente el odontologo
[2022-09-24 12:48:34] [ INFO ] [OdontologoServiceImpl:29] Se guardo correctamente el odontologo con matricula ABC123112
[2022-09-24 13:04:41] [ INFO ] [OdontologoServiceImpl:30] Se guardo correctamente el odontologo con matricula ABC123
[2022-09-24 13:04:41] [ INFO ] [OdontologoServiceImpl:33] Ya existe un odontologo con matricula ABC123
[2022-09-24 13:04:49] [ INFO ] [OdontologoServiceImpl:33] Ya existe un odontologo con matricula ABC123
[2022-09-24 13:04:49] [ INFO ] [OdontologoServiceImpl:33] Ya existe un odontologo con matricula ABC123
[2022-09-24 13:09:30] [ INFO ] [OdontologoServiceImpl:30] Se guardo correctamente el odontologo con matricula ABC123
[2022-09-24 13:09:30] [ INFO ] [OdontologoServiceImpl:33] Ya existe un odontologo con matricula ABC123
[2022-09-24 13:10:51] [ INFO ] [OdontologoServiceImpl:30] Se guardo correctamente el odontologo con matricula ABC123
[2022-09-24 13:10:51] [ INFO ] [OdontologoServiceImpl:33] Ya existe un odontologo con matricula ABC123
[2022-09-24 13:11:31] [ INFO ] [OdontologoServiceImpl:30] Se guardo correctamente el odontologo con matricula ABC1231
[2022-09-24 13:11:31] [ INFO ] [OdontologoServiceImpl:33] Ya existe un odontologo con matricula ABC1231
[2022-09-24 13:14:49] [ INFO ] [OdontologoServiceImpl:30] Se guardo correctamente el odontologo con matricula ABC31
[2022-09-24 13:14:49] [ INFO ] [OdontologoServiceImpl:33] Ya existe un odontologo con matricula ABC31
[2022-09-24 14:10:52] [ INFO ] [OdontologoServiceImpl:30] Se guardo correctamente el odontologo con matricula ABC123
[2022-09-24 14:10:52] [ ERROR] [GlobalExceptionHandler:18] could not execute statement; SQL [n/a]; constraint ["PUBLIC.UK_CP8J4TUUOSAGMNGJVGKCIF8G3_INDEX_D ON PUBLIC.ODONTOLOGO_ENTITY(MATRICULA NULLS FIRST) VALUES ( /* 1 */ 'ABC123' )"; SQL statement:
insert into odontologo_entity (apellido, matricula, nombre, id) values (?, ?, ?, ?) [23505-214]]; nested exception is org.hibernate.exception.ConstraintViolationException: could not execute statement
[2022-09-24 14:14:50] [ INFO ] [OdontologoServiceImpl:29] Se guardo correctamente el odontologo con matricula ABC123
[2022-09-24 14:14:56] [ ERROR] [GlobalExceptionHandler:18] could not execute statement; SQL [n/a]; constraint ["PUBLIC.UK_CP8J4TUUOSAGMNGJVGKCIF8G3_INDEX_D ON PUBLIC.ODONTOLOGO_ENTITY(MATRICULA NULLS FIRST) VALUES ( /* 1 */ 'ABC123' )"; SQL statement:
insert into odontologo_entity (apellido, matricula, nombre, id) values (?, ?, ?, ?) [23505-214]]; nested exception is org.hibernate.exception.ConstraintViolationException: could not execute statement
[2022-09-24 14:15:19] [ INFO ] [OdontologoServiceImpl:29] Se guardo correctamente el odontologo con matricula ABC1213
[2022-09-24 14:15:22] [ ERROR] [GlobalExceptionHandler:18] could not execute statement; SQL [n/a]; constraint ["PUBLIC.UK_CP8J4TUUOSAGMNGJVGKCIF8G3_INDEX_D ON PUBLIC.ODONTOLOGO_ENTITY(MATRICULA NULLS FIRST) VALUES ( /* 3 */ 'ABC1213' )"; SQL statement:
insert into odontologo_entity (apellido, matricula, nombre, id) values (?, ?, ?, ?) [23505-214]]; nested exception is org.hibernate.exception.ConstraintViolationException: could not execute statement
[2022-09-24 16:45:37] [ INFO ] [OdontologoServiceImpl:32] Se guardo correctamente el odontologo con matricula ABC1213
[2022-09-24 16:45:43] [ ERROR] [GlobalExceptionHandler:17] Invocation failure
Controller [com.clinicaodontologica.sistemadeturnos.controller.OdontologoController]
Method [public org.springframework.http.ResponseEntity<com.clinicaodontologica.sistemadeturnos.dto.OdontologoDto> com.clinicaodontologica.sistemadeturnos.controller.OdontologoController.guargarOdontologo(com.clinicaodontologica.sistemadeturnos.dto.OdontologoDto) throws com.clinicaodontologica.sistemadeturnos.exception.GlobalExceptionHandler] with argument values:
 [0] [type=com.clinicaodontologica.sistemadeturnos.dto.OdontologoDto] [value=OdontologoDto(nombre=Isai, apellido=Bermal, matricula=ABC1213)] 
[2022-09-24 17:21:43] [ INFO ] [OdontologoServiceImpl:32] Se guardo correctamente el odontologo con matricula ABC123
[2022-09-24 17:21:50] [ ERROR] [GlobalExceptionHandler:17] Ya existe un odontologo con la matricula ABC123
[2022-09-24 17:25:58] [ INFO ] [OdontologoServiceImpl:32] Se guardo correctamente el odontologo con matricula ABC123
[2022-09-24 17:26:01] [ ERROR] [GlobalExceptionHandler:17] Ya existe un odontologo con la matricula ABC123
[2022-09-24 18:24:16] [ ERROR] [GlobalExceptionHandler:24] No exite un odontologo con el id: 1
[2022-09-24 18:25:14] [ INFO ] [OdontologoServiceImpl:34] Se guardo correctamente el odontologo con matricula ABC123
[2022-09-24 18:49:49] [ INFO ] [OdontologoServiceImpl:33] Se guardo correctamente el odontologo con matricula ABC123
[2022-09-24 18:50:08] [ INFO ] [OdontologoServiceImpl:33] Se guardo correctamente el odontologo con matricula ABC12312
[2022-09-24 19:14:24] [ INFO ] [OdontologoServiceImpl:33] Se guardo correctamente el odontologo con matricula ABC123
[2022-09-24 19:14:29] [ INFO ] [OdontologoServiceImpl:44] Consultando el odontologo con el id 1
[2022-09-24 19:17:04] [ INFO ] [OdontologoServiceImpl:44] Consultando el odontologo con el id 1
[2022-09-24 19:27:57] [ INFO ] [OdontologoServiceImpl:33] Se guardo correctamente el odontologo con matricula ABC123
[2022-09-24 19:28:21] [ ERROR] [GlobalExceptionHandler:17] Ya existe un odontologo con la matricula ABC123
[2022-09-24 19:28:38] [ INFO ] [OdontologoServiceImpl:33] Se guardo correctamente el odontologo con matricula 12345A
[2022-09-25 22:07:13] [ INFO ] [OdontologoServiceImpl:33] Se guardo correctamente el odontologo con matricula 12345A
[2022-09-25 22:07:21] [ INFO ] [OdontologoServiceImpl:44] Consultando el odontologo con el id 1
[2022-09-25 22:07:37] [ ERROR] [GlobalExceptionHandler:24] No existe un odontologo con el id: 2
[2022-09-25 22:07:48] [ INFO ] [OdontologoServiceImpl:72] Eliminando el odontologo con el id 1
[2022-09-25 22:08:06] [ ERROR] [GlobalExceptionHandler:24] No existe un odontologo con el id: 1
[2022-09-26 01:43:43] [ INFO ] [OdontologoServiceImpl:33] Se guardo correctamente el odontologo con matricula 12345A
[2022-09-26 01:49:34] [ INFO ] [OdontologoServiceImpl:33] Se guardo correctamente el odontologo con matricula 12345A
[2022-09-26 01:49:41] [ INFO ] [OdontologoServiceImpl:44] Consultando el odontologo con el id 1
[2022-09-26 02:10:44] [ INFO ] [OdontologoServiceImpl:33] Se guardo correctamente el odontologo con matricula 12345A
[2022-09-26 02:11:19] [ ERROR] [GlobalExceptionHandler:24] No existe un odontologo con el matricula: 12345A8
[2022-09-26 13:26:37] [ ERROR] [GlobalExceptionHandler:17] Ya existe un paciente con el dni 78108532
[2022-09-26 13:27:56] [ INFO ] [OdontologoServiceImpl:33] Se guardo correctamente el odontologo con matricula 12345A
[2022-09-26 13:29:19] [ ERROR] [GlobalExceptionHandler:17] Ya existe un paciente con el dni 78108532
[2022-09-26 13:37:24] [ ERROR] [GlobalExceptionHandler:17] Ya existe un paciente con el dni 78108532
[2022-09-26 13:37:51] [ INFO ] [OdontologoServiceImpl:33] Se guardo correctamente el odontologo con matricula 12345A
[2022-09-26 13:54:20] [ ERROR] [GlobalExceptionHandler:17] Ya existe un paciente con el dni 78108532
[2022-09-26 17:33:26] [ INFO ] [OdontologoServiceImpl:34] Se guardo correctamente el odontologo con matricula 12345A
[2022-09-26 17:33:30] [ ERROR] [GlobalExceptionHandler:17] Ya existe un odontologo con la matricula 12345A
[2022-09-26 17:34:01] [ ERROR] [GlobalExceptionHandler:17] Ya existe un paciente con el dni 78108532
[2022-09-26 17:42:35] [ ERROR] [GlobalExceptionHandler:24] No existe un paciente con el id: 1
[2022-09-26 17:42:52] [ ERROR] [GlobalExceptionHandler:24] No existe un paciente con el id: 2
[2022-09-26 17:42:57] [ INFO ] [PacienteServiceImpl:45] Consultando el paciente con el id 1
[2022-09-26 17:50:33] [ ERROR] [GlobalExceptionHandler:24] No existe un paciente con el id: 1
[2022-09-26 17:50:39] [ INFO ] [PacienteServiceImpl:45] Consultando el paciente con el id 1
[2022-09-26 19:42:05] [ ERROR] [GlobalExceptionHandler:24] No existe un paciente con el id: 2
[2022-09-26 19:42:13] [ INFO ] [PacienteServiceImpl:45] Consultando el paciente con el id 1
[2022-09-26 20:22:31] [ INFO ] [PacienteServiceImpl:44] Consultando el paciente con el id 1
[2022-09-26 22:10:55] [ ERROR] [GlobalExceptionHandler:24] No existe un paciente con el id: 1
[2022-09-26 22:16:48] [ INFO ] [PacienteServiceImpl:44] Consultando el paciente con el id 1
[2022-09-26 22:16:54] [ INFO ] [PacienteServiceImpl:78] Eliminando el paciente con el id 1
[2022-09-26 22:17:09] [ ERROR] [GlobalExceptionHandler:24] No existe un paciente con el id: 1
[2022-09-27 23:23:09] [ ERROR] [GlobalExceptionHandler:24] No existe un paciente con el id: 1
[2022-09-27 23:23:36] [ INFO ] [PacienteServiceImpl:44] Consultando el paciente con el id 1
[2022-09-27 23:29:46] [ INFO ] [PacienteServiceImpl:58] Listando todos los paciente
[2022-09-27 23:29:58] [ ERROR] [GlobalExceptionHandler:24] No existe un paciente con el id: 1
[2022-09-27 23:30:03] [ ERROR] [GlobalExceptionHandler:24] No existe un paciente con dni 78108532
[2022-09-27 23:31:09] [ INFO ] [PacienteServiceImpl:75] Modicando el paciente con el dni78108532
[2022-09-27 23:32:24] [ INFO ] [OdontologoServiceImpl:35] Se guardo correctamente el odontologo con matricula 12345A
[2022-09-27 23:32:28] [ ERROR] [GlobalExceptionHandler:24] No existe un odontologo con el id: 1
[2022-09-27 23:32:51] [ ERROR] [GlobalExceptionHandler:17] Ya existe un odontologo con la matricula 12345A
[2022-09-27 23:32:58] [ ERROR] [GlobalExceptionHandler:24] No existe un odontologo con el id: 1
[2022-09-27 23:38:00] [ INFO ] [OdontologoServiceImpl:35] Se guardo correctamente el odontologo con matricula 12345A
[2022-09-27 23:38:21] [ INFO ] [OdontologoServiceImpl:46] Consultando el odontologo con el id 1
[2022-09-27 23:38:28] [ INFO ] [OdontologoServiceImpl:60] Listando todos los odontologos
[2022-09-27 23:38:39] [ ERROR] [GlobalExceptionHandler:24] No existe un odontologo con la matricula: 12345A8
[2022-09-27 23:38:56] [ INFO ] [OdontologoServiceImpl:74] Modicando el odontologo con matricula 12345A
[2022-09-27 23:39:10] [ ERROR] [GlobalExceptionHandler:24] No existe un odontologo con el id: 2
[2022-09-27 23:39:17] [ INFO ] [OdontologoServiceImpl:85] Eliminando el odontologo con el id 1
[2022-09-27 23:39:32] [ INFO ] [PacienteServiceImpl:44] Consultando el paciente con el id 2
[2022-09-27 23:42:52] [ INFO ] [OdontologoServiceImpl:35] Se guardo correctamente el odontologo con matricula 12345A
[2022-09-27 23:44:21] [ INFO ] [OdontologoServiceImpl:74] Modicando el odontologo con matricula 12345A
[2022-09-27 23:47:26] [ INFO ] [OdontologoServiceImpl:35] Se guardo correctamente el odontologo con matricula 12345A
[2022-09-27 23:47:39] [ INFO ] [OdontologoServiceImpl:46] Consultando el odontologo con el id 1
[2022-09-27 23:47:43] [ INFO ] [OdontologoServiceImpl:60] Listando todos los odontologos
[2022-09-27 23:47:53] [ INFO ] [OdontologoServiceImpl:85] Eliminando el odontologo con el id 1
[2022-09-27 23:48:08] [ INFO ] [OdontologoServiceImpl:35] Se guardo correctamente el odontologo con matricula 12345A
[2022-09-27 23:48:47] [ ERROR] [GlobalExceptionHandler:17] Ya existe un odontologo con la matricula 12345A
